0,0,arrival,0
0.5,1,arrival,0
1.0,2,arrival,0
1.5,3,arrival,0
1.5,1,purchase_ticket,1.0
2.0,4,arrival,0
2.0,2,purchase_ticket,1.0
2.0,1,check_ticket_store_in,0.5
2.5,5,arrival,0
2.5,2,check_ticket_store_in,0.5
3.0,6,arrival,0
3,0,purchase_ticket,3
3.5,7,arrival,0
3.5,5,purchase_ticket,1.0
3.5,0,check_ticket_store_in,0.5
4.0,8,arrival,0
4.0,4,purchase_ticket,2.0
4.0,1,store_out,2.0
4.0,5,check_ticket_wo_food,0.5
4.5,9,arrival,0
4.5,3,purchase_ticket,3.0
4.5,4,check_ticket_store_in,0.5
5.0,10,arrival,0
5.0,2,store_out,2.5
5.0,3,check_ticket_store_in,0.5
5.5,11,arrival,0
5.5,9,purchase_ticket,1.0
6.0,12,arrival,0
6.0,6,purchase_ticket,3.0
6.0,10,purchase_ticket,1.0
6.0,9,check_ticket_store_in,0.5
6.5,13,arrival,0
6.5,7,purchase_ticket,3.0
6.5,6,check_ticket_wo_food,0.5
6.5,10,check_ticket_store_in,0.5
7.0,14,arrival,0
7.0,8,purchase_ticket,3.0
7.0,7,check_ticket_wo_food,0.5
7.5,15,arrival,0
7.5,13,purchase_ticket,1.0
7.5,8,check_ticket_store_in,0.5
8.0,16,arrival,0
8.0,13,check_ticket_wo_food,0.5
8.5,17,arrival,0
8.5,11,purchase_ticket,3.0
8.5,15,purchase_ticket,1.0
9.0,18,arrival,0
9.0,12,purchase_ticket,3.0
9.0,14,purchase_ticket,2.0
9.0,11,check_ticket_store_in,0.5
9.0,15,check_ticket_store_in,0.5
9.5,19,arrival,0
9.5,12,check_ticket_store_in,0.5
9.5,14,check_ticket_store_in,0.5
10.0,20,arrival,0
10.0,0,store_out,6.5
10.5,21,arrival,0
10.5,17,purchase_ticket,2.0
11.0,22,arrival,0
11.0,16,purchase_ticket,3.0
11.0,18,purchase_ticket,2.0
11.0,4,store_out,6.5
11.0,17,check_ticket_wo_food,0.5
11.5,23,arrival,0
11.5,19,purchase_ticket,2.0
11.5,16,check_ticket_wo_food,0.5
11.5,18,check_ticket_store_in,0.5
12.0,24,arrival,0
12.0,20,purchase_ticket,2.0
12.0,19,check_ticket_store_in,0.5
12.5,25,arrival,0
12.5,21,purchase_ticket,2.0
12.5,23,purchase_ticket,1.0
12.5,20,check_ticket_wo_food,0.5
13.0,26,arrival,0
13.0,21,check_ticket_wo_food,0.5
13.0,23,check_ticket_store_in,0.5
13.5,27,arrival,0
14.0,28,arrival,0
14.0,22,purchase_ticket,3.0
14.0,3,store_out,9.0
14.0,24,purchase_ticket,2.0
14.5,29,arrival,0
14.5,22,check_ticket_store_in,0.5
14.5,24,check_ticket_wo_food,0.5
15.0,30,arrival,0
15.0,28,purchase_ticket,1.0
15.0,9,store_out,9.0
15.5,31,arrival,0
15.5,25,purchase_ticket,3.0
15.5,28,check_ticket_store_in,0.5
16.0,32,arrival,0
16.0,26,purchase_ticket,3.0
16.0,30,purchase_ticket,1.0
16.0,25,check_ticket_wo_food,0.5
16.5,33,arrival,0
16.5,27,purchase_ticket,3.0
16.5,26,check_ticket_wo_food,0.5
16.5,30,check_ticket_store_in,0.5
17.0,34,arrival,0
17.0,10,store_out,10.5
17.0,27,check_ticket_wo_food,0.5
17.5,35,arrival,0
17.5,29,purchase_ticket,3.0
17.5,31,purchase_ticket,2.0
18.0,36,arrival,0
18.0,32,purchase_ticket,2.0
18.0,29,check_ticket_store_in,0.5
18.0,31,check_ticket_store_in,0.5
18.5,37,arrival,0
18.5,32,check_ticket_store_in,0.5
19.0,38,arrival,0
19.0,34,purchase_ticket,2.0
19.0,8,store_out,11.5
19.5,39,arrival,0
19.5,33,purchase_ticket,3.0
19.5,34,check_ticket_wo_food,0.5
20.0,40,arrival,0
20.0,36,purchase_ticket,2.0
20.0,38,purchase_ticket,1.0
20.0,33,check_ticket_store_in,0.5
20.5,41,arrival,0
20.5,35,purchase_ticket,3.0
20.5,36,check_ticket_store_in,0.5
20.5,38,check_ticket_store_in,0.5
21.0,42,arrival,0
21.0,35,check_ticket_wo_food,0.5
21.5,43,arrival,0
21.5,37,purchase_ticket,3.0
21.5,39,purchase_ticket,2.0
22.0,44,arrival,0
22.0,42,purchase_ticket,1.0
22.0,37,check_ticket_store_in,0.5
22.0,39,check_ticket_store_in,0.5
22.5,45,arrival,0
22.5,41,purchase_ticket,2.0
22.5,42,check_ticket_wo_food,0.5
23.0,46,arrival,0
23.0,11,store_out,14.0
23.0,40,purchase_ticket,3.0
23.0,41,check_ticket_wo_food,0.5
23.5,47,arrival,0
23.5,43,purchase_ticket,2.0
23.5,40,check_ticket_wo_food,0.5
24.0,48,arrival,0
24.0,44,purchase_ticket,2.0
24.0,46,purchase_ticket,1.0
24.0,43,check_ticket_wo_food,0.5
24.5,49,arrival,0
24.5,44,check_ticket_store_in,0.5
24.5,46,check_ticket_wo_food,0.5
25.0,50,arrival,0
25.0,48,purchase_ticket,1.0
25.5,51,arrival,0
25.5,45,purchase_ticket,3.0
25.5,49,purchase_ticket,1.0
25.5,48,check_ticket_wo_food,0.5
26.0,52,arrival,0
26.0,45,check_ticket_wo_food,0.5
26.0,49,check_ticket_wo_food,0.5
26.5,53,arrival,0
26.5,47,purchase_ticket,3.0
27.0,54,arrival,0
27.0,15,store_out,18.0
27.0,47,check_ticket_wo_food,0.5
27.5,55,arrival,0
27.5,53,purchase_ticket,1.0
28.0,56,arrival,0
28.0,50,purchase_ticket,3.0
28.0,54,purchase_ticket,1.0
28.0,12,store_out,18.5
28.0,53,check_ticket_store_in,0.5
28.5,57,arrival,0
28.5,51,purchase_ticket,3.0
28.5,55,purchase_ticket,1.0
28.5,50,check_ticket_wo_food,0.5
28.5,54,check_ticket_store_in,0.5
29.0,58,arrival,0
29.0,52,purchase_ticket,3.0
29.0,51,check_ticket_wo_food,0.5
29.0,55,check_ticket_wo_food,0.5
29.5,59,arrival,0
29.5,57,purchase_ticket,1.0
29.5,52,check_ticket_wo_food,0.5
30.0,60,arrival,0
30.0,14,store_out,20.5
30.0,57,check_ticket_store_in,0.5
30.5,61,arrival,0
31.0,62,arrival,0
31.0,56,purchase_ticket,3.0
31.0,58,purchase_ticket,2.0
31.0,18,store_out,19.5
31.5,63,arrival,0
31.5,56,check_ticket_wo_food,0.5
31.5,58,check_ticket_store_in,0.5
32.0,64,arrival,0
32.5,65,arrival,0
32.5,59,purchase_ticket,3.0
33.0,66,arrival,0
33.0,60,purchase_ticket,3.0
33.0,59,check_ticket_wo_food,0.5
33.5,67,arrival,0
33.5,61,purchase_ticket,3.0
33.5,60,check_ticket_wo_food,0.5
34.0,68,arrival,0
34.0,62,purchase_ticket,3.0
34.0,19,store_out,22.0
34.0,65,purchase_ticket,1.5
34.0,61,check_ticket_wo_food,0.5
34.5,69,arrival,0
34.5,63,purchase_ticket,3.0
34.5,64,purchase_ticket,2.5
34.5,66,purchase_ticket,1.5
34.5,62,check_ticket_store_in,0.5
34.5,65,check_ticket_wo_food,0.5
35.0,70,arrival,0
35.0,63,check_ticket_store_in,0.5
35.0,64,check_ticket_store_in,0.5
35.0,66,check_ticket_wo_food,0.5
35.5,71,arrival,0
36.0,72,arrival,0
36.0,23,store_out,23.0
36.5,73,arrival,0
36.5,71,purchase_ticket,1.0
37.0,74,arrival,0
37.0,67,purchase_ticket,3.5
37.0,68,purchase_ticket,3.0
37.0,71,check_ticket_store_in,0.5
37.5,75,arrival,0
37.5,69,purchase_ticket,3.0
37.5,67,check_ticket_wo_food,0.5
37.5,68,check_ticket_store_in,0.5
38.0,76,arrival,0
38.0,70,purchase_ticket,3.0
38.0,69,check_ticket_wo_food,0.5
38.5,77,arrival,0
38.5,75,purchase_ticket,1.0
38.5,70,check_ticket_store_in,0.5
39.0,78,arrival,0
39.0,74,purchase_ticket,2.0
39.0,75,check_ticket_store_in,0.5
39.5,79,arrival,0
39.5,72,purchase_ticket,3.5
39.5,77,purchase_ticket,1.0
39.5,74,check_ticket_store_in,0.5
40.0,80,arrival,0
40.0,73,purchase_ticket,3.5
40.0,76,purchase_ticket,2.0
40.0,72,check_ticket_wo_food,0.5
40.0,77,check_ticket_store_in,0.5
40.5,81,arrival,0
40.5,79,purchase_ticket,1.0
40.5,73,check_ticket_store_in,0.5
40.5,76,check_ticket_store_in,0.5
41.0,82,arrival,0
41.0,22,store_out,26.5
41.0,79,check_ticket_wo_food,0.5
41.5,83,arrival,0
42.0,84,arrival,0
42.0,78,purchase_ticket,3.0
42.5,85,arrival,0
42.5,83,purchase_ticket,1.0
42.5,78,check_ticket_wo_food,0.5
43.0,86,arrival,0
43.0,80,purchase_ticket,3.0
43.0,83,check_ticket_store_in,0.5
43.5,87,arrival,0
43.5,81,purchase_ticket,3.0
43.5,85,purchase_ticket,1.0
43.5,80,check_ticket_wo_food,0.5
44.0,88,arrival,0
44.0,82,purchase_ticket,3.0
44.0,84,purchase_ticket,2.0
44.0,81,check_ticket_wo_food,0.5
44.0,85,check_ticket_wo_food,0.5
44.5,89,arrival,0
44.5,82,check_ticket_wo_food,0.5
44.5,84,check_ticket_store_in,0.5
45.0,90,arrival,0
45.5,91,arrival,0
45.5,87,purchase_ticket,2.0
46.0,92,arrival,0
46.0,28,store_out,30.5
46.0,86,purchase_ticket,3.0
46.0,90,purchase_ticket,1.0
46.0,87,check_ticket_store_in,0.5
46.5,93,arrival,0
46.5,91,purchase_ticket,1.0
46.5,86,check_ticket_store_in,0.5
46.5,90,check_ticket_store_in,0.5
47.0,94,arrival,0
47.0,88,purchase_ticket,3.0
47.0,92,purchase_ticket,1.0
47.0,91,check_ticket_store_in,0.5
47.5,95,arrival,0
47.5,89,purchase_ticket,3.0
47.5,88,check_ticket_store_in,0.5
47.5,92,check_ticket_store_in,0.5
48.0,96,arrival,0
48.0,94,purchase_ticket,1.0
48.0,89,check_ticket_store_in,0.5
48.5,97,arrival,0
48.5,94,check_ticket_store_in,0.5
49.0,98,arrival,0
49.0,30,store_out,32.5
49.0,96,purchase_ticket,1.0
49.5,99,arrival,0
49.5,93,purchase_ticket,3.0
49.5,96,check_ticket_wo_food,0.5
50.0,100,arrival,0
50.0,93,check_ticket_store_in,0.5
50.5,101,arrival,0
50.5,95,purchase_ticket,3.0
50.5,97,purchase_ticket,2.0
51.0,102,arrival,0
51.0,29,store_out,33.0
51.0,100,purchase_ticket,1.0
51.0,95,check_ticket_wo_food,0.5
51.0,97,check_ticket_store_in,0.5
51.5,103,arrival,0
51.5,99,purchase_ticket,2.0
51.5,100,check_ticket_store_in,0.5
52.0,104,arrival,0
52.0,98,purchase_ticket,3.0
52.0,99,check_ticket_store_in,0.5
52.5,105,arrival,0
52.5,98,check_ticket_wo_food,0.5
53.0,106,arrival,0
53.0,104,purchase_ticket,1.0
53.5,107,arrival,0
53.5,101,purchase_ticket,3.0
53.5,103,purchase_ticket,2.0
53.5,104,check_ticket_wo_food,0.5
54.0,108,arrival,0
54.0,102,purchase_ticket,3.0
54.0,101,check_ticket_store_in,0.5
54.0,103,check_ticket_store_in,0.5
54.5,109,arrival,0
54.5,102,check_ticket_wo_food,0.5
55.0,110,arrival,0
55.0,31,store_out,37.0
55.0,106,purchase_ticket,2.0
55.5,111,arrival,0
55.5,105,purchase_ticket,3.0
55.5,107,purchase_ticket,2.0
55.5,109,purchase_ticket,1.0
55.5,106,check_ticket_store_in,0.5
56.0,112,arrival,0
56.0,108,purchase_ticket,2.0
56.0,110,purchase_ticket,1.0
56.0,105,check_ticket_wo_food,0.5
56.0,107,check_ticket_store_in,0.5
56.0,109,check_ticket_wo_food,0.5
56.5,113,arrival,0
56.5,111,purchase_ticket,1.0
56.5,108,check_ticket_wo_food,0.5
56.5,110,check_ticket_wo_food,0.5
57.0,114,arrival,0
57.0,112,purchase_ticket,1.0
57.0,111,check_ticket_store_in,0.5
57.5,115,arrival,0
57.5,113,purchase_ticket,1.0
57.5,112,check_ticket_store_in,0.5
58.0,116,arrival,0
58.0,32,store_out,39.5
58.0,114,purchase_ticket,1.0
58.0,113,check_ticket_store_in,0.5
58.5,117,arrival,0
58.5,114,check_ticket_store_in,0.5
59.0,118,arrival,0
59.0,116,purchase_ticket,1.0
59.0,33,store_out,39.0
59.5,119,arrival,0
59.5,115,purchase_ticket,2.0
59.5,117,purchase_ticket,1.0
59.5,116,check_ticket_store_in,0.5
60.0,120,arrival,0
60.0,115,check_ticket_store_in,0.5
60.0,117,check_ticket_store_in,0.5
60.5,121,arrival,0
61.0,122,arrival,0
61.0,118,purchase_ticket,2.0
61.5,123,arrival,0
61.5,119,purchase_ticket,2.0
61.5,118,check_ticket_wo_food,0.5
62.0,124,arrival,0
62.0,120,purchase_ticket,2.0
62.0,122,purchase_ticket,1.0
62.0,119,check_ticket_wo_food,0.5
62.5,125,arrival,0
62.5,121,purchase_ticket,2.0
62.5,120,check_ticket_wo_food,0.5
62.5,122,check_ticket_store_in,0.5
63.0,126,arrival,0
63.0,36,store_out,42.5
63.0,121,check_ticket_wo_food,0.5
63.5,127,arrival,0
63.5,123,purchase_ticket,2.0
64.0,128,arrival,0
64.0,124,purchase_ticket,2.0
64.0,126,purchase_ticket,1.0
64.0,123,check_ticket_store_in,0.5
64.5,129,arrival,0
64.5,125,purchase_ticket,2.0
64.5,127,purchase_ticket,1.0
64.5,124,check_ticket_wo_food,0.5
64.5,126,check_ticket_store_in,0.5
65.0,130,arrival,0
65.0,38,store_out,44.5
65.0,125,check_ticket_wo_food,0.5
65.0,127,check_ticket_store_in,0.5
65.5,131,arrival,0
66.0,132,arrival,0
66.0,130,purchase_ticket,1.0
66.0,37,store_out,44.0
66.5,133,arrival,0
66.5,130,check_ticket_store_in,0.5
67.0,134,arrival,0
67.0,128,purchase_ticket,3.0
67.0,132,purchase_ticket,1.0
67.5,135,arrival,0
67.5,129,purchase_ticket,3.0
67.5,133,purchase_ticket,1.0
67.5,128,check_ticket_wo_food,0.5
67.5,132,check_ticket_store_in,0.5
68.0,136,arrival,0
68.0,39,store_out,46.0
68.0,129,check_ticket_store_in,0.5
68.0,133,check_ticket_store_in,0.5
68.5,137,arrival,0
68.5,131,purchase_ticket,3.0
68.5,135,purchase_ticket,1.0
69.0,138,arrival,0
69.0,131,check_ticket_wo_food,0.5
69.0,135,check_ticket_wo_food,0.5
69.5,139,arrival,0
69.5,137,purchase_ticket,1.0
70.0,140,arrival,0
70.0,134,purchase_ticket,3.0
70.0,137,check_ticket_wo_food,0.5
70.5,141,arrival,0
70.5,139,purchase_ticket,1.0
70.5,134,check_ticket_wo_food,0.5
71.0,142,arrival,0
71.0,136,purchase_ticket,3.0
71.0,138,purchase_ticket,2.0
71.0,139,check_ticket_store_in,0.5
71.5,143,arrival,0
71.5,141,purchase_ticket,1.0
71.5,136,check_ticket_wo_food,0.5
71.5,138,check_ticket_wo_food,0.5
72.0,144,arrival,0
72.0,141,check_ticket_store_in,0.5
72.5,145,arrival,0
73.0,146,arrival,0
73.0,44,store_out,48.5
73.0,140,purchase_ticket,3.0
73.0,142,purchase_ticket,2.0
73.5,147,arrival,0
73.5,145,purchase_ticket,1.0
73.5,140,check_ticket_store_in,0.5
73.5,142,check_ticket_store_in,0.5
74.0,148,arrival,0
74.0,144,purchase_ticket,2.0
74.0,145,check_ticket_store_in,0.5
74.5,149,arrival,0
74.5,143,purchase_ticket,3.0
74.5,144,check_ticket_wo_food,0.5
75.0,150,arrival,0
75.0,143,check_ticket_wo_food,0.5
75.5,151,arrival,0
76.0,152,arrival,0
76.0,146,purchase_ticket,3.0
76.0,150,purchase_ticket,1.0
76.5,153,arrival,0
76.5,147,purchase_ticket,3.0
76.5,146,check_ticket_wo_food,0.5
76.5,150,check_ticket_wo_food,0.5
77.0,154,arrival,0
77.0,53,store_out,49.0
77.0,148,purchase_ticket,3.0
77.0,151,purchase_ticket,1.5
77.0,152,purchase_ticket,1.0
77.0,147,check_ticket_wo_food,0.5
77.5,155,arrival,0
77.5,149,purchase_ticket,3.0
77.5,153,purchase_ticket,1.0
77.5,148,check_ticket_store_in,0.5
77.5,151,check_ticket_wo_food,0.5
77.5,152,check_ticket_store_in,0.5
78.0,156,arrival,0
78.0,149,check_ticket_wo_food,0.5
78.0,153,check_ticket_store_in,0.5
78.5,157,arrival,0
79.0,158,arrival,0
79.0,156,purchase_ticket,1.0
79.5,159,arrival,0
79.5,155,purchase_ticket,2.0
79.5,157,purchase_ticket,1.0
79.5,156,check_ticket_store_in,0.5
80.0,160,arrival,0
80.0,154,purchase_ticket,3.0
80.0,155,check_ticket_wo_food,0.5
80.0,157,check_ticket_store_in,0.5
80.5,161,arrival,0
80.5,154,check_ticket_wo_food,0.5
81.0,162,arrival,0
81.5,163,arrival,0
82.0,164,arrival,0
82.0,54,store_out,53.5
82.0,158,purchase_ticket,3.0
82.0,160,purchase_ticket,2.0
82.0,162,purchase_ticket,1.0
82.5,165,arrival,0
82.5,159,purchase_ticket,3.0
82.5,158,check_ticket_store_in,0.5
82.5,160,check_ticket_store_in,0.5
82.5,162,check_ticket_wo_food,0.5
83.0,166,arrival,0
83.0,159,check_ticket_store_in,0.5
83.5,167,arrival,0
83.5,161,purchase_ticket,3.0
84.0,168,arrival,0
84.0,164,purchase_ticket,2.0
84.0,161,check_ticket_wo_food,0.5
84.5,169,arrival,0
84.5,165,purchase_ticket,2.0
84.5,167,purchase_ticket,1.0
84.5,164,check_ticket_wo_food,0.5
85.0,170,arrival,0
85.0,57,store_out,55.0
85.0,163,purchase_ticket,3.5
85.0,166,purchase_ticket,2.0
85.0,168,purchase_ticket,1.0
85.0,165,check_ticket_wo_food,0.5
85.0,167,check_ticket_wo_food,0.5
85.5,171,arrival,0
85.5,169,purchase_ticket,1.0
85.5,163,check_ticket_store_in,0.5
85.5,166,check_ticket_store_in,0.5
85.5,168,check_ticket_store_in,0.5
86.0,172,arrival,0
86.0,169,check_ticket_store_in,0.5
86.5,173,arrival,0
86.5,171,purchase_ticket,1.0
87.0,174,arrival,0
87.0,171,check_ticket_store_in,0.5
87.5,175,arrival,0
88.0,176,arrival,0
88.0,170,purchase_ticket,3.0
88.5,177,arrival,0
88.5,173,purchase_ticket,2.0
88.5,170,check_ticket_store_in,0.5
89.0,178,arrival,0
89.0,172,purchase_ticket,3.0
89.0,176,purchase_ticket,1.0
89.0,173,check_ticket_wo_food,0.5
89.5,179,arrival,0
89.5,175,purchase_ticket,2.0
89.5,172,check_ticket_store_in,0.5
89.5,176,check_ticket_store_in,0.5
